<?xml version="1.0" encoding="UTF-8" ?>
<testsuite tests="1" failures="1" name="pl.polsl.ismoil.atajanov.jsf.ViewTest" time="14.76" errors="0" skipped="0">
  <properties>
[...]
</properties>
  <testcase classname="pl.polsl.ismoil.atajanov.jsf.ViewTest" name="testView" time="14.684">
    <failure message="Should be Departments list expected:&lt;Department[s lis]t&gt; but was:&lt;Department[ edi]t&gt;" type="org.junit.ComparisonFailure">org.junit.ComparisonFailure: Should be Departments list expected:&lt;Department[s lis]t&gt; but was:&lt;Department[ edi]t&gt;
	at org.junit.Assert.assertEquals(Assert.java:115)
	at pl.polsl.ismoil.atajanov.jsf.ViewTest.testView(ViewTest.java:84)
	at sun.reflect.NativeMethodAccessorImpl.invoke0(Native Method)
	at sun.reflect.NativeMethodAccessorImpl.invoke(NativeMethodAccessorImpl.java:62)
	at sun.reflect.DelegatingMethodAccessorImpl.invoke(DelegatingMethodAccessorImpl.java:43)
	at java.lang.reflect.Method.invoke(Method.java:498)
	at org.junit.runners.model.FrameworkMethod$1.runReflectiveCall(FrameworkMethod.java:50)
	at org.junit.internal.runners.model.ReflectiveCallable.run(ReflectiveCallable.java:12)
	at org.junit.runners.model.FrameworkMethod.invokeExplosively(FrameworkMethod.java:47)
	at org.junit.internal.runners.statements.InvokeMethod.evaluate(InvokeMethod.java:17)
	at org.junit.runners.ParentRunner.runLeaf(ParentRunner.java:325)
	at org.junit.runners.BlockJUnit4ClassRunner.runChild(BlockJUnit4ClassRunner.java:78)
	at org.junit.runners.BlockJUnit4ClassRunner.runChild(BlockJUnit4ClassRunner.java:57)
	at org.junit.runners.ParentRunner$3.run(ParentRunner.java:290)
	at org.junit.runners.ParentRunner$1.schedule(ParentRunner.java:71)
	at org.junit.runners.ParentRunner.runChildren(ParentRunner.java:288)
	at org.junit.runners.ParentRunner.access$000(ParentRunner.java:58)
	at org.junit.runners.ParentRunner$2.evaluate(ParentRunner.java:268)
	at org.junit.runners.ParentRunner.run(ParentRunner.java:363)
	at org.apache.maven.surefire.junit4.JUnit4TestSet.execute(JUnit4TestSet.java:45)
	at org.apache.maven.surefire.junit4.JUnit4Provider.executeTestSet(JUnit4Provider.java:123)
	at org.apache.maven.surefire.junit4.JUnit4Provider.invoke(JUnit4Provider.java:104)
	at sun.reflect.NativeMethodAccessorImpl.invoke0(Native Method)
	at sun.reflect.NativeMethodAccessorImpl.invoke(NativeMethodAccessorImpl.java:62)
	at sun.reflect.DelegatingMethodAccessorImpl.invoke(DelegatingMethodAccessorImpl.java:43)
	at java.lang.reflect.Method.invoke(Method.java:498)
	at org.apache.maven.surefire.util.ReflectionUtils.invokeMethodWithArray(ReflectionUtils.java:164)
	at org.apache.maven.surefire.booter.ProviderFactory$ProviderProxy.invoke(ProviderFactory.java:110)
	at org.apache.maven.surefire.booter.SurefireStarter.invokeProvider(SurefireStarter.java:175)
	at org.apache.maven.surefire.booter.SurefireStarter.runSuitesInProcessWhenForked(SurefireStarter.java:107)
	at org.apache.maven.surefire.booter.ForkedBooter.main(ForkedBooter.java:68)
</failure>
    <system-out>Department
Name*	SomeDepartment	
Address*	Kujawska	
Save

Department edit

Department
Name: Validation Error: Value is required.
Address: Validation Error: Value is required.
Name*		
Name: Validation Error: Value is required.
Address*		
Address: Validation Error: Value is required.
Save
Department edit

Department
Name: Validation Error: Value is required.
Address: Validation Error: Value is required.
Name*		
Name: Validation Error: Value is required.
Address*		
Address: Validation Error: Value is required.
Save
</system-out>
    <system-err>Jan 08, 2020 8:29:15 PM com.gargoylesoftware.htmlunit.DefaultCssErrorHandler error
WARNING: CSS error: &apos;http://localhost:8080/Lab45R-web/faces/javax.faces.resource/theme.css?ln=primefaces-aristo&apos; [1:23178] Error in style rule. (Invalid token &quot;html&quot;. Was expecting one of: &lt;S&gt;, &lt;LBRACE&gt;, &quot;.&quot;, &quot;:&quot;, &quot;[&quot;, &lt;COMMA&gt;, &lt;HASH&gt;, &lt;S&gt;.)
Jan 08, 2020 8:29:15 PM com.gargoylesoftware.htmlunit.DefaultCssErrorHandler warning
WARNING: CSS warning: &apos;http://localhost:8080/Lab45R-web/faces/javax.faces.resource/theme.css?ln=primefaces-aristo&apos; [1:23178] Ignoring the following declarations in this rule.
Jan 08, 2020 8:29:15 PM com.gargoylesoftware.htmlunit.DefaultCssErrorHandler error
WARNING: CSS error: &apos;http://localhost:8080/Lab45R-web/faces/javax.faces.resource/theme.css?ln=primefaces-aristo&apos; [1:23220] Error in style rule. (Invalid token &quot;html&quot;. Was expecting one of: &lt;S&gt;, &lt;LBRACE&gt;, &quot;.&quot;, &quot;:&quot;, &quot;[&quot;, &lt;COMMA&gt;, &lt;HASH&gt;, &lt;S&gt;.)
Jan 08, 2020 8:29:15 PM com.gargoylesoftware.htmlunit.DefaultCssErrorHandler warning
WARNING: CSS warning: &apos;http://localhost:8080/Lab45R-web/faces/javax.faces.resource/theme.css?ln=primefaces-aristo&apos; [1:23220] Ignoring the following declarations in this rule.
Jan 08, 2020 8:29:15 PM com.gargoylesoftware.htmlunit.DefaultCssErrorHandler error
WARNING: CSS error: &apos;http://localhost:8080/Lab45R-web/faces/javax.faces.resource/theme.css?ln=primefaces-aristo&apos; [1:23269] Error in style rule. (Invalid token &quot;html&quot;. Was expecting one of: &lt;S&gt;, &lt;LBRACE&gt;, &quot;.&quot;, &quot;:&quot;, &quot;[&quot;, &lt;COMMA&gt;, &lt;HASH&gt;, &lt;S&gt;.)
Jan 08, 2020 8:29:15 PM com.gargoylesoftware.htmlunit.DefaultCssErrorHandler warning
WARNING: CSS warning: &apos;http://localhost:8080/Lab45R-web/faces/javax.faces.resource/theme.css?ln=primefaces-aristo&apos; [1:23269] Ignoring the following declarations in this rule.
Jan 08, 2020 8:29:15 PM com.gargoylesoftware.htmlunit.DefaultCssErrorHandler error
WARNING: CSS error: &apos;http://localhost:8080/Lab45R-web/faces/javax.faces.resource/components.css;jsessionid=6a1e7d14fb93d0c815745e79dcb9?ln=primefaces&amp;v=6.0&apos; [1:340] Error in declaration. &apos;*&apos; is not allowed as first char of a property.
Jan 08, 2020 8:29:15 PM com.gargoylesoftware.htmlunit.DefaultCssErrorHandler error
WARNING: CSS error: &apos;http://localhost:8080/Lab45R-web/faces/javax.faces.resource/components.css;jsessionid=6a1e7d14fb93d0c815745e79dcb9?ln=primefaces&amp;v=6.0&apos; [1:401] Error in declaration. &apos;*&apos; is not allowed as first char of a property.
Jan 08, 2020 8:29:15 PM com.gargoylesoftware.htmlunit.DefaultCssErrorHandler error
WARNING: CSS error: &apos;http://localhost:8080/Lab45R-web/faces/javax.faces.resource/components.css;jsessionid=6a1e7d14fb93d0c815745e79dcb9?ln=primefaces&amp;v=6.0&apos; [60:2715] Error in declaration. &apos;*&apos; is not allowed as first char of a property.
Jan 08, 2020 8:29:15 PM com.gargoylesoftware.htmlunit.DefaultCssErrorHandler error
WARNING: CSS error: &apos;http://localhost:8080/Lab45R-web/faces/javax.faces.resource/components.css;jsessionid=6a1e7d14fb93d0c815745e79dcb9?ln=primefaces&amp;v=6.0&apos; [60:3570] Error in declaration. &apos;*&apos; is not allowed as first char of a property.
Jan 08, 2020 8:29:15 PM com.gargoylesoftware.htmlunit.DefaultCssErrorHandler error
WARNING: CSS error: &apos;http://localhost:8080/Lab45R-web/faces/javax.faces.resource/components.css;jsessionid=6a1e7d14fb93d0c815745e79dcb9?ln=primefaces&amp;v=6.0&apos; [66:335] Error in declaration. &apos;*&apos; is not allowed as first char of a property.
Jan 08, 2020 8:29:15 PM com.gargoylesoftware.htmlunit.DefaultCssErrorHandler error
WARNING: CSS error: &apos;http://localhost:8080/Lab45R-web/faces/javax.faces.resource/components.css;jsessionid=6a1e7d14fb93d0c815745e79dcb9?ln=primefaces&amp;v=6.0&apos; [66:673] Error in declaration. &apos;*&apos; is not allowed as first char of a property.
Jan 08, 2020 8:29:15 PM com.gargoylesoftware.htmlunit.IncorrectnessListenerImpl notify
WARNING: Obsolete content type encountered: &apos;text/javascript&apos;.
Jan 08, 2020 8:29:16 PM com.gargoylesoftware.htmlunit.IncorrectnessListenerImpl notify
WARNING: Obsolete content type encountered: &apos;text/javascript&apos;.
Jan 08, 2020 8:29:16 PM com.gargoylesoftware.htmlunit.DefaultCssErrorHandler error
WARNING: CSS error: &apos;http://localhost:8080/Lab45R-web/faces/javax.faces.resource/theme.css?ln=primefaces-aristo&apos; [1:23178] Error in style rule. (Invalid token &quot;html&quot;. Was expecting one of: &lt;S&gt;, &lt;LBRACE&gt;, &quot;.&quot;, &quot;:&quot;, &quot;[&quot;, &lt;COMMA&gt;, &lt;HASH&gt;, &lt;S&gt;.)
Jan 08, 2020 8:29:16 PM com.gargoylesoftware.htmlunit.DefaultCssErrorHandler warning
WARNING: CSS warning: &apos;http://localhost:8080/Lab45R-web/faces/javax.faces.resource/theme.css?ln=primefaces-aristo&apos; [1:23178] Ignoring the following declarations in this rule.
Jan 08, 2020 8:29:16 PM com.gargoylesoftware.htmlunit.DefaultCssErrorHandler error
WARNING: CSS error: &apos;http://localhost:8080/Lab45R-web/faces/javax.faces.resource/theme.css?ln=primefaces-aristo&apos; [1:23220] Error in style rule. (Invalid token &quot;html&quot;. Was expecting one of: &lt;S&gt;, &lt;LBRACE&gt;, &quot;.&quot;, &quot;:&quot;, &quot;[&quot;, &lt;COMMA&gt;, &lt;HASH&gt;, &lt;S&gt;.)
Jan 08, 2020 8:29:16 PM com.gargoylesoftware.htmlunit.DefaultCssErrorHandler warning
WARNING: CSS warning: &apos;http://localhost:8080/Lab45R-web/faces/javax.faces.resource/theme.css?ln=primefaces-aristo&apos; [1:23220] Ignoring the following declarations in this rule.
Jan 08, 2020 8:29:16 PM com.gargoylesoftware.htmlunit.DefaultCssErrorHandler error
WARNING: CSS error: &apos;http://localhost:8080/Lab45R-web/faces/javax.faces.resource/theme.css?ln=primefaces-aristo&apos; [1:23269] Error in style rule. (Invalid token &quot;html&quot;. Was expecting one of: &lt;S&gt;, &lt;LBRACE&gt;, &quot;.&quot;, &quot;:&quot;, &quot;[&quot;, &lt;COMMA&gt;, &lt;HASH&gt;, &lt;S&gt;.)
Jan 08, 2020 8:29:16 PM com.gargoylesoftware.htmlunit.DefaultCssErrorHandler warning
WARNING: CSS warning: &apos;http://localhost:8080/Lab45R-web/faces/javax.faces.resource/theme.css?ln=primefaces-aristo&apos; [1:23269] Ignoring the following declarations in this rule.
Jan 08, 2020 8:29:16 PM com.gargoylesoftware.htmlunit.DefaultCssErrorHandler error
WARNING: CSS error: &apos;http://localhost:8080/Lab45R-web/faces/javax.faces.resource/components.css;jsessionid=6a1e7d14fb93d0c815745e79dcb9?ln=primefaces&amp;v=6.0&apos; [1:340] Error in declaration. &apos;*&apos; is not allowed as first char of a property.
Jan 08, 2020 8:29:16 PM com.gargoylesoftware.htmlunit.DefaultCssErrorHandler error
WARNING: CSS error: &apos;http://localhost:8080/Lab45R-web/faces/javax.faces.resource/components.css;jsessionid=6a1e7d14fb93d0c815745e79dcb9?ln=primefaces&amp;v=6.0&apos; [1:401] Error in declaration. &apos;*&apos; is not allowed as first char of a property.
Jan 08, 2020 8:29:16 PM com.gargoylesoftware.htmlunit.DefaultCssErrorHandler error
WARNING: CSS error: &apos;http://localhost:8080/Lab45R-web/faces/javax.faces.resource/components.css;jsessionid=6a1e7d14fb93d0c815745e79dcb9?ln=primefaces&amp;v=6.0&apos; [60:2715] Error in declaration. &apos;*&apos; is not allowed as first char of a property.
Jan 08, 2020 8:29:16 PM com.gargoylesoftware.htmlunit.DefaultCssErrorHandler error
WARNING: CSS error: &apos;http://localhost:8080/Lab45R-web/faces/javax.faces.resource/components.css;jsessionid=6a1e7d14fb93d0c815745e79dcb9?ln=primefaces&amp;v=6.0&apos; [60:3570] Error in declaration. &apos;*&apos; is not allowed as first char of a property.
Jan 08, 2020 8:29:16 PM com.gargoylesoftware.htmlunit.DefaultCssErrorHandler error
WARNING: CSS error: &apos;http://localhost:8080/Lab45R-web/faces/javax.faces.resource/components.css;jsessionid=6a1e7d14fb93d0c815745e79dcb9?ln=primefaces&amp;v=6.0&apos; [66:335] Error in declaration. &apos;*&apos; is not allowed as first char of a property.
Jan 08, 2020 8:29:16 PM com.gargoylesoftware.htmlunit.DefaultCssErrorHandler error
WARNING: CSS error: &apos;http://localhost:8080/Lab45R-web/faces/javax.faces.resource/components.css;jsessionid=6a1e7d14fb93d0c815745e79dcb9?ln=primefaces&amp;v=6.0&apos; [66:673] Error in declaration. &apos;*&apos; is not allowed as first char of a property.
Jan 08, 2020 8:29:16 PM com.gargoylesoftware.htmlunit.IncorrectnessListenerImpl notify
WARNING: Obsolete content type encountered: &apos;text/javascript&apos;.
Jan 08, 2020 8:29:16 PM com.gargoylesoftware.htmlunit.IncorrectnessListenerImpl notify
WARNING: Obsolete content type encountered: &apos;text/javascript&apos;.
Jan 08, 2020 8:29:17 PM com.gargoylesoftware.htmlunit.DefaultCssErrorHandler error
WARNING: CSS error: &apos;http://localhost:8080/Lab45R-web/faces/javax.faces.resource/theme.css?ln=primefaces-aristo&apos; [1:23178] Error in style rule. (Invalid token &quot;html&quot;. Was expecting one of: &lt;S&gt;, &lt;LBRACE&gt;, &quot;.&quot;, &quot;:&quot;, &quot;[&quot;, &lt;COMMA&gt;, &lt;HASH&gt;, &lt;S&gt;.)
Jan 08, 2020 8:29:17 PM com.gargoylesoftware.htmlunit.DefaultCssErrorHandler warning
WARNING: CSS warning: &apos;http://localhost:8080/Lab45R-web/faces/javax.faces.resource/theme.css?ln=primefaces-aristo&apos; [1:23178] Ignoring the following declarations in this rule.
Jan 08, 2020 8:29:17 PM com.gargoylesoftware.htmlunit.DefaultCssErrorHandler error
WARNING: CSS error: &apos;http://localhost:8080/Lab45R-web/faces/javax.faces.resource/theme.css?ln=primefaces-aristo&apos; [1:23220] Error in style rule. (Invalid token &quot;html&quot;. Was expecting one of: &lt;S&gt;, &lt;LBRACE&gt;, &quot;.&quot;, &quot;:&quot;, &quot;[&quot;, &lt;COMMA&gt;, &lt;HASH&gt;, &lt;S&gt;.)
Jan 08, 2020 8:29:17 PM com.gargoylesoftware.htmlunit.DefaultCssErrorHandler warning
WARNING: CSS warning: &apos;http://localhost:8080/Lab45R-web/faces/javax.faces.resource/theme.css?ln=primefaces-aristo&apos; [1:23220] Ignoring the following declarations in this rule.
Jan 08, 2020 8:29:17 PM com.gargoylesoftware.htmlunit.DefaultCssErrorHandler error
WARNING: CSS error: &apos;http://localhost:8080/Lab45R-web/faces/javax.faces.resource/theme.css?ln=primefaces-aristo&apos; [1:23269] Error in style rule. (Invalid token &quot;html&quot;. Was expecting one of: &lt;S&gt;, &lt;LBRACE&gt;, &quot;.&quot;, &quot;:&quot;, &quot;[&quot;, &lt;COMMA&gt;, &lt;HASH&gt;, &lt;S&gt;.)
Jan 08, 2020 8:29:17 PM com.gargoylesoftware.htmlunit.DefaultCssErrorHandler warning
WARNING: CSS warning: &apos;http://localhost:8080/Lab45R-web/faces/javax.faces.resource/theme.css?ln=primefaces-aristo&apos; [1:23269] Ignoring the following declarations in this rule.
Jan 08, 2020 8:29:17 PM com.gargoylesoftware.htmlunit.DefaultCssErrorHandler error
WARNING: CSS error: &apos;http://localhost:8080/Lab45R-web/faces/javax.faces.resource/components.css?ln=primefaces&amp;v=6.0&apos; [1:340] Error in declaration. &apos;*&apos; is not allowed as first char of a property.
Jan 08, 2020 8:29:17 PM com.gargoylesoftware.htmlunit.DefaultCssErrorHandler error
WARNING: CSS error: &apos;http://localhost:8080/Lab45R-web/faces/javax.faces.resource/components.css?ln=primefaces&amp;v=6.0&apos; [1:401] Error in declaration. &apos;*&apos; is not allowed as first char of a property.
Jan 08, 2020 8:29:17 PM com.gargoylesoftware.htmlunit.DefaultCssErrorHandler error
WARNING: CSS error: &apos;http://localhost:8080/Lab45R-web/faces/javax.faces.resource/components.css?ln=primefaces&amp;v=6.0&apos; [60:2715] Error in declaration. &apos;*&apos; is not allowed as first char of a property.
Jan 08, 2020 8:29:17 PM com.gargoylesoftware.htmlunit.DefaultCssErrorHandler error
WARNING: CSS error: &apos;http://localhost:8080/Lab45R-web/faces/javax.faces.resource/components.css?ln=primefaces&amp;v=6.0&apos; [60:3570] Error in declaration. &apos;*&apos; is not allowed as first char of a property.
Jan 08, 2020 8:29:17 PM com.gargoylesoftware.htmlunit.DefaultCssErrorHandler error
WARNING: CSS error: &apos;http://localhost:8080/Lab45R-web/faces/javax.faces.resource/components.css?ln=primefaces&amp;v=6.0&apos; [66:335] Error in declaration. &apos;*&apos; is not allowed as first char of a property.
Jan 08, 2020 8:29:17 PM com.gargoylesoftware.htmlunit.DefaultCssErrorHandler error
WARNING: CSS error: &apos;http://localhost:8080/Lab45R-web/faces/javax.faces.resource/components.css?ln=primefaces&amp;v=6.0&apos; [66:673] Error in declaration. &apos;*&apos; is not allowed as first char of a property.
Jan 08, 2020 8:29:17 PM com.gargoylesoftware.htmlunit.IncorrectnessListenerImpl notify
WARNING: Obsolete content type encountered: &apos;text/javascript&apos;.
Jan 08, 2020 8:29:17 PM com.gargoylesoftware.htmlunit.IncorrectnessListenerImpl notify
WARNING: Obsolete content type encountered: &apos;text/javascript&apos;.
Jan 08, 2020 8:29:17 PM com.gargoylesoftware.htmlunit.DefaultCssErrorHandler error
WARNING: CSS error: &apos;http://localhost:8080/Lab45R-web/faces/javax.faces.resource/theme.css?ln=primefaces-aristo&apos; [1:23178] Error in style rule. (Invalid token &quot;html&quot;. Was expecting one of: &lt;S&gt;, &lt;LBRACE&gt;, &quot;.&quot;, &quot;:&quot;, &quot;[&quot;, &lt;COMMA&gt;, &lt;HASH&gt;, &lt;S&gt;.)
Jan 08, 2020 8:29:17 PM com.gargoylesoftware.htmlunit.DefaultCssErrorHandler warning
WARNING: CSS warning: &apos;http://localhost:8080/Lab45R-web/faces/javax.faces.resource/theme.css?ln=primefaces-aristo&apos; [1:23178] Ignoring the following declarations in this rule.
Jan 08, 2020 8:29:17 PM com.gargoylesoftware.htmlunit.DefaultCssErrorHandler error
WARNING: CSS error: &apos;http://localhost:8080/Lab45R-web/faces/javax.faces.resource/theme.css?ln=primefaces-aristo&apos; [1:23220] Error in style rule. (Invalid token &quot;html&quot;. Was expecting one of: &lt;S&gt;, &lt;LBRACE&gt;, &quot;.&quot;, &quot;:&quot;, &quot;[&quot;, &lt;COMMA&gt;, &lt;HASH&gt;, &lt;S&gt;.)
Jan 08, 2020 8:29:17 PM com.gargoylesoftware.htmlunit.DefaultCssErrorHandler warning
WARNING: CSS warning: &apos;http://localhost:8080/Lab45R-web/faces/javax.faces.resource/theme.css?ln=primefaces-aristo&apos; [1:23220] Ignoring the following declarations in this rule.
Jan 08, 2020 8:29:17 PM com.gargoylesoftware.htmlunit.DefaultCssErrorHandler error
WARNING: CSS error: &apos;http://localhost:8080/Lab45R-web/faces/javax.faces.resource/theme.css?ln=primefaces-aristo&apos; [1:23269] Error in style rule. (Invalid token &quot;html&quot;. Was expecting one of: &lt;S&gt;, &lt;LBRACE&gt;, &quot;.&quot;, &quot;:&quot;, &quot;[&quot;, &lt;COMMA&gt;, &lt;HASH&gt;, &lt;S&gt;.)
Jan 08, 2020 8:29:17 PM com.gargoylesoftware.htmlunit.DefaultCssErrorHandler warning
WARNING: CSS warning: &apos;http://localhost:8080/Lab45R-web/faces/javax.faces.resource/theme.css?ln=primefaces-aristo&apos; [1:23269] Ignoring the following declarations in this rule.
Jan 08, 2020 8:29:17 PM com.gargoylesoftware.htmlunit.DefaultCssErrorHandler error
WARNING: CSS error: &apos;http://localhost:8080/Lab45R-web/faces/javax.faces.resource/components.css?ln=primefaces&amp;v=6.0&apos; [1:340] Error in declaration. &apos;*&apos; is not allowed as first char of a property.
Jan 08, 2020 8:29:17 PM com.gargoylesoftware.htmlunit.DefaultCssErrorHandler error
WARNING: CSS error: &apos;http://localhost:8080/Lab45R-web/faces/javax.faces.resource/components.css?ln=primefaces&amp;v=6.0&apos; [1:401] Error in declaration. &apos;*&apos; is not allowed as first char of a property.
Jan 08, 2020 8:29:17 PM com.gargoylesoftware.htmlunit.DefaultCssErrorHandler error
WARNING: CSS error: &apos;http://localhost:8080/Lab45R-web/faces/javax.faces.resource/components.css?ln=primefaces&amp;v=6.0&apos; [60:2715] Error in declaration. &apos;*&apos; is not allowed as first char of a property.
Jan 08, 2020 8:29:17 PM com.gargoylesoftware.htmlunit.DefaultCssErrorHandler error
WARNING: CSS error: &apos;http://localhost:8080/Lab45R-web/faces/javax.faces.resource/components.css?ln=primefaces&amp;v=6.0&apos; [60:3570] Error in declaration. &apos;*&apos; is not allowed as first char of a property.
Jan 08, 2020 8:29:17 PM com.gargoylesoftware.htmlunit.DefaultCssErrorHandler error
WARNING: CSS error: &apos;http://localhost:8080/Lab45R-web/faces/javax.faces.resource/components.css?ln=primefaces&amp;v=6.0&apos; [66:335] Error in declaration. &apos;*&apos; is not allowed as first char of a property.
Jan 08, 2020 8:29:17 PM com.gargoylesoftware.htmlunit.DefaultCssErrorHandler error
WARNING: CSS error: &apos;http://localhost:8080/Lab45R-web/faces/javax.faces.resource/components.css?ln=primefaces&amp;v=6.0&apos; [66:673] Error in declaration. &apos;*&apos; is not allowed as first char of a property.
Jan 08, 2020 8:29:17 PM com.gargoylesoftware.htmlunit.IncorrectnessListenerImpl notify
WARNING: Obsolete content type encountered: &apos;text/javascript&apos;.
Jan 08, 2020 8:29:17 PM com.gargoylesoftware.htmlunit.IncorrectnessListenerImpl notify
WARNING: Obsolete content type encountered: &apos;text/javascript&apos;.
Jan 08, 2020 8:29:20 PM com.gargoylesoftware.htmlunit.html.HtmlScript isExecutionNeeded
WARNING: Script is not JavaScript (type: true/text/javascript, language: ). Skipping execution.
Jan 08, 2020 8:29:20 PM com.gargoylesoftware.htmlunit.html.HtmlScript isExecutionNeeded
WARNING: Script is not JavaScript (type: true/text/javascript, language: ). Skipping execution.
Jan 08, 2020 8:29:20 PM com.gargoylesoftware.htmlunit.html.HtmlScript isExecutionNeeded
WARNING: Script is not JavaScript (type: true/text/javascript, language: ). Skipping execution.
Jan 08, 2020 8:29:20 PM com.gargoylesoftware.htmlunit.html.HtmlScript isExecutionNeeded
WARNING: Script is not JavaScript (type: true/text/javascript, language: ). Skipping execution.
Jan 08, 2020 8:29:23 PM com.gargoylesoftware.htmlunit.html.HtmlScript isExecutionNeeded
WARNING: Script is not JavaScript (type: true/text/javascript, language: ). Skipping execution.
Jan 08, 2020 8:29:23 PM com.gargoylesoftware.htmlunit.html.HtmlScript isExecutionNeeded
WARNING: Script is not JavaScript (type: true/text/javascript, language: ). Skipping execution.
Jan 08, 2020 8:29:23 PM com.gargoylesoftware.htmlunit.html.HtmlScript isExecutionNeeded
WARNING: Script is not JavaScript (type: true/text/javascript, language: ). Skipping execution.
Jan 08, 2020 8:29:23 PM com.gargoylesoftware.htmlunit.html.HtmlScript isExecutionNeeded
WARNING: Script is not JavaScript (type: true/text/javascript, language: ). Skipping execution.
Jan 08, 2020 8:29:23 PM com.gargoylesoftware.htmlunit.html.HtmlScript isExecutionNeeded
WARNING: Script is not JavaScript (type: true/text/javascript, language: ). Skipping execution.
Jan 08, 2020 8:29:23 PM com.gargoylesoftware.htmlunit.html.HtmlScript isExecutionNeeded
WARNING: Script is not JavaScript (type: true/text/javascript, language: ). Skipping execution.
Jan 08, 2020 8:29:23 PM com.gargoylesoftware.htmlunit.html.HtmlScript isExecutionNeeded
WARNING: Script is not JavaScript (type: true/text/javascript, language: ). Skipping execution.
Jan 08, 2020 8:29:23 PM com.gargoylesoftware.htmlunit.html.HtmlScript isExecutionNeeded
WARNING: Script is not JavaScript (type: true/text/javascript, language: ). Skipping execution.
</system-err>
  </testcase>
</testsuite>